<?xml version="1.0" encoding="UTF-8"?>
<coverage generated="1602170175995" clover="3.2.0">
  <project timestamp="1602170175996" name="All files">
    <metrics statements="22" coveredstatements="20" conditionals="7" coveredconditionals="4" methods="10" coveredmethods="8" elements="39" coveredelements="32" complexity="0" loc="22" ncloc="22" packages="2" files="2" classes="2"/>
    <package name="components">
      <metrics statements="5" coveredstatements="5" conditionals="5" coveredconditionals="3" methods="2" coveredmethods="2"/>
      <file name="Link.js" path="/Users/hugoklein/Desktop/Cours/42/Projets.nosync/red-tetris/src/client/components/Link.js">
        <metrics statements="5" coveredstatements="5" conditionals="5" coveredconditionals="3" methods="2" coveredmethods="2"/>
        <line num="4" count="2" type="stmt"/>
        <line num="5" count="1" type="cond" truecount="2" falsecount="2"/>
        <line num="6" count="1" type="stmt"/>
        <line num="7" count="1" type="stmt"/>
        <line num="10" count="2" type="stmt"/>
      </file>
    </package>
    <package name="hooks">
      <metrics statements="17" coveredstatements="15" conditionals="2" coveredconditionals="1" methods="8" coveredmethods="6"/>
      <file name="useRouter.js" path="/Users/hugoklein/Desktop/Cours/42/Projets.nosync/red-tetris/src/client/hooks/useRouter.js">
        <metrics statements="17" coveredstatements="15" conditionals="2" coveredconditionals="1" methods="8" coveredmethods="6"/>
        <line num="3" count="1" type="stmt"/>
        <line num="4" count="2" type="stmt"/>
        <line num="5" count="4" type="stmt"/>
        <line num="7" count="2" type="cond" truecount="1" falsecount="1"/>
        <line num="8" count="2" type="stmt"/>
        <line num="9" count="2" type="stmt"/>
        <line num="10" count="2" type="stmt"/>
        <line num="12" count="0" type="stmt"/>
        <line num="16" count="1" type="stmt"/>
        <line num="17" count="1" type="stmt"/>
        <line num="20" count="1" type="stmt"/>
        <line num="21" count="1" type="stmt"/>
        <line num="22" count="1" type="stmt"/>
        <line num="26" count="1" type="stmt"/>
        <line num="28" count="1" type="stmt"/>
        <line num="29" count="0" type="stmt"/>
        <line num="33" count="1" type="stmt"/>
      </file>
    </package>
  </project>
</coverage>
